{
  "RSpec": {
    "coverage": {
      "/home/heikkihei/ohtu/hydea/hydea/app/controllers/comments_controller.rb": [
        1,
        1,
        1,
        1,
        null,
        null,
        null,
        1,
        2,
        null,
        null,
        null,
        null,
        1,
        null,
        null,
        null,
        null,
        null,
        null,
        1,
        null,
        0,
        0,
        null,
        null,
        null,
        null,
        1,
        null,
        null,
        null,
        null,
        1,
        5,
        5,
        5,
        null,
        5,
        1,
        null,
        4,
        null,
        null,
        null,
        null,
        null,
        1,
        0,
        0,
        0,
        0,
        null,
        0,
        0,
        null,
        null,
        null,
        null,
        null,
        null,
        1,
        3,
        3,
        6,
        3,
        null,
        null,
        null,
        1,
        1,
        1,
        1,
        null,
        1,
        null,
        null,
        1,
        1,
        1,
        1,
        null,
        1,
        null,
        null,
        1,
        null,
        1,
        5,
        null,
        null,
        null,
        1,
        0,
        null,
        null
      ],
      "/home/heikkihei/ohtu/hydea/hydea/app/controllers/application_controller.rb": [
        1,
        null,
        null,
        1,
        null,
        1,
        null,
        1,
        915,
        881,
        null,
        null,
        1,
        99,
        null,
        null,
        1,
        10,
        6,
        null,
        null,
        null,
        1,
        71,
        20,
        null,
        null,
        null,
        null,
        null
      ],
      "/home/heikkihei/ohtu/hydea/hydea/app/controllers/histories_controller.rb": [
        1,
        1,
        1,
        null,
        null,
        null,
        1,
        0,
        null,
        null,
        null,
        null,
        1,
        null,
        null,
        null,
        1,
        0,
        null,
        null,
        null,
        1,
        null,
        null,
        null,
        null,
        1,
        1,
        1,
        1,
        null,
        1,
        1,
        2,
        1,
        null,
        0,
        0,
        null,
        null,
        null,
        null,
        null,
        null,
        1,
        0,
        0,
        0,
        0,
        null,
        0,
        0,
        null,
        null,
        null,
        null,
        null,
        null,
        1,
        0,
        0,
        0,
        0,
        null,
        null,
        null,
        1,
        null,
        1,
        0,
        null,
        null,
        null,
        1,
        1,
        null,
        null
      ],
      "/home/heikkihei/ohtu/hydea/hydea/app/controllers/ideas_controller.rb": [
        1,
        1,
        1,
        1,
        null,
        null,
        null,
        null,
        null,
        1,
        103,
        75,
        2,
        null,
        160,
        null,
        28,
        null,
        null,
        null,
        null,
        null,
        1,
        29,
        null,
        27,
        1,
        26,
        null,
        8,
        3,
        null,
        null,
        null,
        null,
        1,
        0,
        null,
        null,
        null,
        1,
        null,
        null,
        null,
        1,
        1,
        1,
        1,
        1,
        1,
        1,
        1,
        1,
        null,
        1,
        0,
        0,
        0,
        0,
        null,
        null,
        null,
        null,
        null,
        1,
        1,
        2,
        1,
        null,
        0,
        0,
        null,
        null,
        null,
        null,
        null,
        null,
        null,
        1,
        3,
        1,
        1,
        null,
        1,
        1,
        2,
        2,
        null,
        null,
        null,
        2,
        2,
        4,
        2,
        null,
        0,
        0,
        null,
        null,
        null,
        null,
        null,
        null,
        1,
        0,
        0,
        0,
        0,
        null,
        null,
        null,
        1,
        12,
        12,
        null,
        null,
        1,
        1,
        1,
        null,
        null,
        1,
        3,
        3,
        3,
        null,
        null,
        1,
        2,
        2,
        2,
        null,
        null,
        1,
        2,
        2,
        null,
        2,
        null,
        null,
        1,
        4,
        4,
        null,
        4,
        null,
        null,
        1,
        3,
        3,
        null,
        3,
        null,
        null,
        1,
        3,
        3,
        null,
        3,
        null,
        null,
        1,
        3,
        3,
        null,
        null,
        1,
        1,
        1,
        null,
        null,
        1,
        null,
        1,
        77,
        null,
        null,
        null,
        null,
        1,
        3,
        null,
        null
      ],
      "/home/heikkihei/ohtu/hydea/hydea/app/controllers/likes_controller.rb": [
        1,
        1,
        null,
        null,
        null,
        1,
        0,
        null,
        null,
        null,
        null,
        1,
        null,
        null,
        null,
        1,
        0,
        null,
        null,
        null,
        1,
        null,
        null,
        null,
        null,
        1,
        7,
        7,
        null,
        7,
        7,
        4,
        2,
        null,
        10,
        5,
        null,
        null,
        null,
        null,
        null,
        null,
        1,
        0,
        0,
        0,
        0,
        null,
        0,
        0,
        null,
        null,
        null,
        null,
        null,
        null,
        1,
        2,
        1,
        1,
        2,
        1,
        null,
        null,
        1,
        2,
        1,
        null,
        null,
        null,
        null,
        1,
        null,
        1,
        2,
        null,
        null,
        null,
        1,
        7,
        null,
        null
      ],
      "/home/heikkihei/ohtu/hydea/hydea/app/controllers/sessions_controller.rb": [
        1,
        1,
        null,
        null,
        1,
        null,
        1,
        null,
        1,
        null,
        null
      ],
      "/home/heikkihei/ohtu/hydea/hydea/app/controllers/tags_controller.rb": [
        1,
        1,
        1,
        null,
        null,
        null,
        1,
        1,
        null,
        null,
        null,
        null,
        1,
        null,
        null,
        null,
        1,
        0,
        null,
        null,
        null,
        1,
        null,
        null,
        null,
        null,
        1,
        1,
        null,
        1,
        1,
        2,
        1,
        null,
        0,
        0,
        null,
        null,
        null,
        null,
        null,
        null,
        1,
        1,
        1,
        2,
        1,
        null,
        0,
        0,
        null,
        null,
        null,
        null,
        null,
        null,
        1,
        1,
        1,
        2,
        1,
        null,
        null,
        null,
        1,
        null,
        1,
        11,
        null,
        null,
        null,
        1,
        2,
        null,
        null
      ],
      "/home/heikkihei/ohtu/hydea/hydea/app/controllers/users_controller.rb": [
        1,
        1,
        1,
        1,
        null,
        null,
        null,
        1,
        0,
        null,
        null,
        null,
        null,
        1,
        14,
        14,
        14,
        12,
        null,
        8,
        8,
        6,
        2,
        null,
        null,
        null,
        null,
        null,
        null,
        1,
        0,
        null,
        null,
        null,
        1,
        null,
        null,
        null,
        null,
        1,
        1,
        null,
        1,
        1,
        2,
        1,
        null,
        0,
        0,
        null,
        null,
        null,
        null,
        null,
        null,
        1,
        2,
        2,
        4,
        2,
        null,
        0,
        0,
        null,
        null,
        null,
        null,
        null,
        null,
        1,
        1,
        1,
        1,
        2,
        1,
        null,
        null,
        0,
        null,
        null,
        null,
        1,
        null,
        1,
        25,
        null,
        null,
        null,
        1,
        3,
        null,
        null
      ],
      "/home/heikkihei/ohtu/hydea/hydea/app/models/comment.rb": [
        1,
        1,
        1,
        null,
        1,
        1,
        1,
        null
      ],
      "/home/heikkihei/ohtu/hydea/hydea/app/models/like.rb": [
        1,
        1,
        1,
        null,
        1,
        null,
        null,
        1,
        1,
        1,
        null
      ],
      "/home/heikkihei/ohtu/hydea/hydea/app/models/tag.rb": [
        1,
        1,
        null,
        1,
        null
      ]
    },
    "timestamp": 1490699457
  }
}
